<?xml version="1.0" encoding="UTF-8"?>
<!-- Generated by org.testng.reporters.JUnitReportReporter -->
<testsuite name="com.autotesting.framework.suits.invalidLoginName" tests="1" failures="0" timestamp="29 Jun 2014 09:44:48 GMT" time="10.234" errors="0">
  <testcase name="invalidLoginNameToMail" time="10.234" classname="com.autotesting.framework.suits.invalidLoginName"/>
</testsuite> <!-- com.autotesting.framework.suits.invalidLoginName -->
