<?xml version="1.0" encoding="UTF-8"?>
<!-- Generated by org.testng.reporters.JUnitReportReporter -->
<testsuite name="com.autotesting.framework.suits.AssertMessage" tests="1" failures="0" timestamp="14 Jun 2014 08:41:25 GMT" time="0.021" errors="0">
  <testcase name="assertMessage" time="0.021" classname="com.autotesting.framework.suits.AssertMessage"/>
</testsuite> <!-- com.autotesting.framework.suits.AssertMessage -->
