<?xml version="1.0" encoding="UTF-8"?>
<!-- Generated by org.testng.reporters.JUnitReportReporter -->
<testsuite name="com.autotesting.framework.suits.invalidLoginName" tests="1" failures="0" timestamp="25 Jun 2014 16:26:34 GMT" time="6.985" errors="0">
  <testcase name="invalidLoginNameToMail" time="6.985" classname="com.autotesting.framework.suits.invalidLoginName"/>
</testsuite> <!-- com.autotesting.framework.suits.invalidLoginName -->
